\BOOKMARK [0][-]{titlepage.0}{\376\377\134\001\227\142}{}% 1
\BOOKMARK [0][-]{cabstract.0}{\376\377\144\130\211\201}{}% 2
\BOOKMARK [0][-]{eabstract.0}{\376\377\000A\000B\000S\000T\000R\000A\000C\000T}{}% 3
\BOOKMARK [0][-]{contents.0}{\376\377\166\356\137\125}{}% 4
\BOOKMARK [0][-]{cabstract.0}{\376\377\144\130\211\201}{}% 5
\BOOKMARK [0][-]{eabstract.0}{\376\377\000A\000B\000S\000T\000R\000A\000C\000T}{}% 6
\BOOKMARK [0][-]{chapter.1}{\376\377\137\025\212\000}{}% 7
\BOOKMARK [1][-]{section.1.1}{\376\377\137\256\176\323\147\204\154\024\117\123\143\242\155\113\126\150\166\204\123\321\134\125\123\206\123\362}{chapter.1}% 8
\BOOKMARK [1][-]{section.1.2}{\376\377\137\256\176\323\147\204\154\024\117\123\143\242\155\113\126\150\135\345\117\134\123\237\164\006}{chapter.1}% 9
\BOOKMARK [2][-]{subsection.1.2.1}{\376\377\136\046\165\065\174\222\133\120\127\050\154\024\117\123\116\055\166\204\123\237\122\035\165\065\171\273\217\307\172\013}{section.1.2}% 10
\BOOKMARK [2][-]{subsection.1.2.2}{\376\377\154\024\117\123\143\242\155\113\126\150\116\055\165\065\133\120\124\214\171\273\133\120\166\204\157\002\171\373\142\151\145\143\217\307\172\013}{section.1.2}% 11
\BOOKMARK [2][-]{subsection.1.2.3}{\376\377\165\065\133\120\127\050\143\242\155\113\126\150\116\055\166\204\226\352\135\051\120\015\130\236\217\307\172\013}{section.1.2}% 12
\BOOKMARK [0][-]{chapter.2}{\376\377\145\260\127\213\137\256\176\323\147\204\154\024\117\123\143\242\155\113\126\150\173\200\116\313}{}% 13
\BOOKMARK [1][-]{section.2.1}{\376\377\000T\000r\000i\000p\000l\000e\000-\000G\000E\000M\143\242\155\113\126\150\173\200\116\313}{chapter.2}% 14
\BOOKMARK [1][-]{section.2.2}{\376\377\000F\000T\000M\143\242\155\113\126\150\173\200\116\313}{chapter.2}% 15
\BOOKMARK [1][-]{section.2.3}{\376\377\000-\000R\000W\000E\000L\000L\143\242\155\113\126\150\173\200\116\313}{chapter.2}% 16
\BOOKMARK [0][-]{chapter.3}{\376\377\143\242\155\113\126\150\152\041\142\337\170\024\172\166\145\271\154\325\116\313\176\315}{}% 17
\BOOKMARK [1][-]{section.3.1}{\376\377\147\011\226\120\121\103\122\006\147\220\145\271\154\325\116\016\217\157\116\366\116\313\176\315}{chapter.3}% 18
\BOOKMARK [1][-]{section.3.2}{\376\377\000G\000A\000R\000F\000I\000E\000L\000D\217\157\116\366\116\313\176\315}{chapter.3}% 19
\BOOKMARK [1][-]{section.3.3}{\376\377\116\011\171\315\137\256\176\323\147\204\154\024\117\123\143\242\155\113\126\150\166\204\152\041\127\213\147\204\136\372}{chapter.3}% 20
\BOOKMARK [1][-]{section.3.4}{\376\377\143\242\155\113\126\150\166\204\217\223\121\372\117\341\123\367}{chapter.3}% 21
\BOOKMARK [0][-]{chapter.4}{\376\377\145\160\143\156\122\006\147\220\217\307\172\013}{}% 22
\BOOKMARK [1][-]{section.4.1}{\376\377\143\242\155\113\126\150\145\366\225\364\122\006\217\250\170\024\172\166}{chapter.4}% 23
\BOOKMARK [1][-]{section.4.2}{\376\377\117\115\177\156\122\006\217\250\163\207}{chapter.4}% 24
\BOOKMARK [1][-]{section.4.3}{\376\377\116\011\171\315\143\242\155\113\126\150\166\204\140\047\200\375\133\371\153\324\170\024\172\166}{chapter.4}% 25
\BOOKMARK [0][-]{chapter.5}{\376\377\000C\000M\000S\000-\000G\000E\000M\143\242\155\113\126\150\123\107\176\247\230\171\166\356}{}% 26
\BOOKMARK [1][-]{section.5.1}{\376\377\143\242\155\113\126\150\123\107\176\247\162\151\164\006\200\314\146\157}{chapter.5}% 27
\BOOKMARK [1][-]{section.5.2}{\376\377\121\205\127\010\000M\000u\000o\000n\143\242\155\113\126\150\123\107\176\247\142\200\147\057\220\011\142\351}{chapter.5}% 28
\BOOKMARK [1][-]{section.5.3}{\376\377\000G\000E\000M\143\242\155\113\126\150\142\171\221\317\165\037\116\247\155\101\172\013\124\214\215\050\221\317\143\247\122\066}{chapter.5}% 29
\BOOKMARK [2][-]{subsection.5.3.1}{\376\377\000Q\000C\0002\000:\000G\000E\000M\201\234\150\300\155\113}{section.5.3}% 30
\BOOKMARK [0][-]{chapter*.30}{\376\377\176\323\213\272}{}% 31
\BOOKMARK [0][-]{appendix*.32}{\376\377\145\207\163\056\122\027\210\150}{}% 32
\BOOKMARK [0][-]{appendix.A}{\376\377\226\104\116\366}{}% 33
\BOOKMARK [0][-]{appendix*.33}{\376\377\127\050\150\041\147\037\225\364\166\204\170\024\172\166\142\020\147\234}{}% 34
\BOOKMARK [0][-]{appendix*.34}{\376\377\201\364\214\042}{}% 35
\BOOKMARK [0][-]{appendix*.35}{\376\377\123\027\116\254\131\047\133\146\133\146\117\115\213\272\145\207\123\237\122\033\140\047\130\360\146\016\124\214\117\177\165\050\143\210\147\103\213\364\146\016}{}% 36
